[debug] [2024-02-22T13:28:38.359Z] ----------------------------------------------------------------------
[debug] [2024-02-22T13:28:38.360Z] Command:       C:\Program Files\nodejs\node.exe C:\Users\Akhil\AppData\Roaming\npm\node_modules\firebase-tools\lib\bin\firebase.js init
[debug] [2024-02-22T13:28:38.361Z] CLI Version:   13.3.1
[debug] [2024-02-22T13:28:38.361Z] Platform:      win32
[debug] [2024-02-22T13:28:38.361Z] Node Version:  v18.17.0
[debug] [2024-02-22T13:28:38.362Z] Time:          Thu Feb 22 2024 18:58:38 GMT+0530 (India Standard Time)
[debug] [2024-02-22T13:28:38.362Z] ----------------------------------------------------------------------
[debug] 
[debug] [2024-02-22T13:28:38.369Z] > command requires scopes: ["email","openid","https://www.googleapis.com/auth/cloudplatformprojects.readonly","https://www.googleapis.com/auth/firebase","https://www.googleapis.com/auth/cloud-platform"]
[debug] [2024-02-22T13:28:38.370Z] > authorizing via signed-in user (akhilkk0803@gmail.com)
[info] 
     ######## #### ########  ######## ########     ###     ######  ########
     ##        ##  ##     ## ##       ##     ##  ##   ##  ##       ##
     ######    ##  ########  ######   ########  #########  ######  ######
     ##        ##  ##    ##  ##       ##     ## ##     ##       ## ##
     ##       #### ##     ## ######## ########  ##     ##  ######  ########

You're about to initialize a Firebase project in this directory:

  C:\Desktop\mernApps\NIE CONNECT\frontend

Before we get started, keep in mind:

  * You are currently outside your home directory

[info] 
=== Project Setup
[info] 
[info] First, let's associate this project directory with a Firebase project.
[info] You can create multiple project aliases by running firebase use --add, 
[info] but for now we'll just set up a default project.
[info] 
[debug] [2024-02-22T13:28:43.651Z] >>> [apiv2][query] GET https://firebase.googleapis.com/v1beta1/projects pageSize=100
[debug] [2024-02-22T13:28:44.502Z] <<< [apiv2][status] GET https://firebase.googleapis.com/v1beta1/projects 200
[debug] [2024-02-22T13:28:44.502Z] <<< [apiv2][body] GET https://firebase.googleapis.com/v1beta1/projects [omitted]
[info] i  Using project connect-64883 (CONNECT) 
[info] 
=== Hosting Setup
[debug] [2024-02-22T13:28:45.257Z] >>> [apiv2][query] GET https://firebase.googleapis.com/v1beta1/projects/connect-64883 [none]
[debug] [2024-02-22T13:28:45.821Z] <<< [apiv2][status] GET https://firebase.googleapis.com/v1beta1/projects/connect-64883 200
[debug] [2024-02-22T13:28:45.821Z] <<< [apiv2][body] GET https://firebase.googleapis.com/v1beta1/projects/connect-64883 {"projectId":"connect-64883","projectNumber":"341510924096","displayName":"CONNECT","name":"projects/connect-64883","resources":{"hostingSite":"connect-64883"},"state":"ACTIVE","etag":"1_4b286e62-e00c-4ff8-a280-601573f2823d"}
[info] 
[info] Your public directory is the folder (relative to your project directory) that
[info] will contain Hosting assets to be uploaded with firebase deploy. If you
[info] have a build process for your assets, use your build's output directory.
[info] 
